INFO Watching for file changes with StatReloader
INFO Watching for file changes with StatReloader
INFO Watching for file changes with StatReloader
INFO Watching for file changes with StatReloader
ERROR Internal Server Error: /admin/
Traceback (most recent call last):
  File "/home/gustavomezzomo/.virtualenvs/projeto_mercado/lib/python3.8/site-packages/django/contrib/sessions/backends/base.py", line 233, in _get_session
    return self._session_cache
AttributeError: 'SessionStore' object has no attribute '_session_cache'

During handling of the above exception, another exception occurred:

Traceback (most recent call last):
  File "/home/gustavomezzomo/.virtualenvs/projeto_mercado/lib/python3.8/site-packages/django/db/backends/utils.py", line 84, in _execute
    return self.cursor.execute(sql, params)
psycopg2.errors.UndefinedTable: relation "django_session" does not exist
LINE 1: ...ession_data", "django_session"."expire_date" FROM "django_se...
                                                             ^


The above exception was the direct cause of the following exception:

Traceback (most recent call last):
  File "/home/gustavomezzomo/.virtualenvs/projeto_mercado/lib/python3.8/site-packages/django/core/handlers/exception.py", line 47, in inner
    response = get_response(request)
  File "/home/gustavomezzomo/.virtualenvs/projeto_mercado/lib/python3.8/site-packages/django/core/handlers/base.py", line 181, in _get_response
    response = wrapped_callback(request, *callback_args, **callback_kwargs)
  File "/home/gustavomezzomo/.virtualenvs/projeto_mercado/lib/python3.8/site-packages/django/contrib/admin/sites.py", line 251, in wrapper
    return self.admin_view(view, cacheable)(*args, **kwargs)
  File "/home/gustavomezzomo/.virtualenvs/projeto_mercado/lib/python3.8/site-packages/django/utils/decorators.py", line 130, in _wrapped_view
    response = view_func(request, *args, **kwargs)
  File "/home/gustavomezzomo/.virtualenvs/projeto_mercado/lib/python3.8/site-packages/django/views/decorators/cache.py", line 44, in _wrapped_view_func
    response = view_func(request, *args, **kwargs)
  File "/home/gustavomezzomo/.virtualenvs/projeto_mercado/lib/python3.8/site-packages/django/contrib/admin/sites.py", line 222, in inner
    if not self.has_permission(request):
  File "/home/gustavomezzomo/.virtualenvs/projeto_mercado/lib/python3.8/site-packages/django/contrib/admin/sites.py", line 196, in has_permission
    return request.user.is_active and request.user.is_staff
  File "/home/gustavomezzomo/.virtualenvs/projeto_mercado/lib/python3.8/site-packages/django/utils/functional.py", line 240, in inner
    self._setup()
  File "/home/gustavomezzomo/.virtualenvs/projeto_mercado/lib/python3.8/site-packages/django/utils/functional.py", line 376, in _setup
    self._wrapped = self._setupfunc()
  File "/home/gustavomezzomo/.virtualenvs/projeto_mercado/lib/python3.8/site-packages/django/contrib/auth/middleware.py", line 23, in <lambda>
    request.user = SimpleLazyObject(lambda: get_user(request))
  File "/home/gustavomezzomo/.virtualenvs/projeto_mercado/lib/python3.8/site-packages/django/contrib/auth/middleware.py", line 11, in get_user
    request._cached_user = auth.get_user(request)
  File "/home/gustavomezzomo/.virtualenvs/projeto_mercado/lib/python3.8/site-packages/django/contrib/auth/__init__.py", line 174, in get_user
    user_id = _get_user_session_key(request)
  File "/home/gustavomezzomo/.virtualenvs/projeto_mercado/lib/python3.8/site-packages/django/contrib/auth/__init__.py", line 58, in _get_user_session_key
    return get_user_model()._meta.pk.to_python(request.session[SESSION_KEY])
  File "/home/gustavomezzomo/.virtualenvs/projeto_mercado/lib/python3.8/site-packages/django/contrib/sessions/backends/base.py", line 65, in __getitem__
    return self._session[key]
  File "/home/gustavomezzomo/.virtualenvs/projeto_mercado/lib/python3.8/site-packages/django/contrib/sessions/backends/base.py", line 238, in _get_session
    self._session_cache = self.load()
  File "/home/gustavomezzomo/.virtualenvs/projeto_mercado/lib/python3.8/site-packages/django/contrib/sessions/backends/db.py", line 43, in load
    s = self._get_session_from_db()
  File "/home/gustavomezzomo/.virtualenvs/projeto_mercado/lib/python3.8/site-packages/django/contrib/sessions/backends/db.py", line 32, in _get_session_from_db
    return self.model.objects.get(
  File "/home/gustavomezzomo/.virtualenvs/projeto_mercado/lib/python3.8/site-packages/django/db/models/manager.py", line 85, in manager_method
    return getattr(self.get_queryset(), name)(*args, **kwargs)
  File "/home/gustavomezzomo/.virtualenvs/projeto_mercado/lib/python3.8/site-packages/django/db/models/query.py", line 425, in get
    num = len(clone)
  File "/home/gustavomezzomo/.virtualenvs/projeto_mercado/lib/python3.8/site-packages/django/db/models/query.py", line 269, in __len__
    self._fetch_all()
  File "/home/gustavomezzomo/.virtualenvs/projeto_mercado/lib/python3.8/site-packages/django/db/models/query.py", line 1308, in _fetch_all
    self._result_cache = list(self._iterable_class(self))
  File "/home/gustavomezzomo/.virtualenvs/projeto_mercado/lib/python3.8/site-packages/django/db/models/query.py", line 53, in __iter__
    results = compiler.execute_sql(chunked_fetch=self.chunked_fetch, chunk_size=self.chunk_size)
  File "/home/gustavomezzomo/.virtualenvs/projeto_mercado/lib/python3.8/site-packages/django/db/models/sql/compiler.py", line 1156, in execute_sql
    cursor.execute(sql, params)
  File "/home/gustavomezzomo/.virtualenvs/projeto_mercado/lib/python3.8/site-packages/django/db/backends/utils.py", line 66, in execute
    return self._execute_with_wrappers(sql, params, many=False, executor=self._execute)
  File "/home/gustavomezzomo/.virtualenvs/projeto_mercado/lib/python3.8/site-packages/django/db/backends/utils.py", line 75, in _execute_with_wrappers
    return executor(sql, params, many, context)
  File "/home/gustavomezzomo/.virtualenvs/projeto_mercado/lib/python3.8/site-packages/django/db/backends/utils.py", line 84, in _execute
    return self.cursor.execute(sql, params)
  File "/home/gustavomezzomo/.virtualenvs/projeto_mercado/lib/python3.8/site-packages/django/db/utils.py", line 90, in __exit__
    raise dj_exc_value.with_traceback(traceback) from exc_value
  File "/home/gustavomezzomo/.virtualenvs/projeto_mercado/lib/python3.8/site-packages/django/db/backends/utils.py", line 84, in _execute
    return self.cursor.execute(sql, params)
django.db.utils.ProgrammingError: relation "django_session" does not exist
LINE 1: ...ession_data", "django_session"."expire_date" FROM "django_se...
                                                             ^

ERROR Internal Server Error: /admin/
Traceback (most recent call last):
  File "/home/gustavomezzomo/.virtualenvs/projeto_mercado/lib/python3.8/site-packages/django/contrib/sessions/backends/base.py", line 233, in _get_session
    return self._session_cache
AttributeError: 'SessionStore' object has no attribute '_session_cache'

During handling of the above exception, another exception occurred:

Traceback (most recent call last):
  File "/home/gustavomezzomo/.virtualenvs/projeto_mercado/lib/python3.8/site-packages/django/db/backends/utils.py", line 84, in _execute
    return self.cursor.execute(sql, params)
psycopg2.errors.UndefinedTable: relation "django_session" does not exist
LINE 1: ...ession_data", "django_session"."expire_date" FROM "django_se...
                                                             ^


The above exception was the direct cause of the following exception:

Traceback (most recent call last):
  File "/home/gustavomezzomo/.virtualenvs/projeto_mercado/lib/python3.8/site-packages/django/core/handlers/exception.py", line 47, in inner
    response = get_response(request)
  File "/home/gustavomezzomo/.virtualenvs/projeto_mercado/lib/python3.8/site-packages/django/core/handlers/base.py", line 181, in _get_response
    response = wrapped_callback(request, *callback_args, **callback_kwargs)
  File "/home/gustavomezzomo/.virtualenvs/projeto_mercado/lib/python3.8/site-packages/django/contrib/admin/sites.py", line 251, in wrapper
    return self.admin_view(view, cacheable)(*args, **kwargs)
  File "/home/gustavomezzomo/.virtualenvs/projeto_mercado/lib/python3.8/site-packages/django/utils/decorators.py", line 130, in _wrapped_view
    response = view_func(request, *args, **kwargs)
  File "/home/gustavomezzomo/.virtualenvs/projeto_mercado/lib/python3.8/site-packages/django/views/decorators/cache.py", line 44, in _wrapped_view_func
    response = view_func(request, *args, **kwargs)
  File "/home/gustavomezzomo/.virtualenvs/projeto_mercado/lib/python3.8/site-packages/django/contrib/admin/sites.py", line 222, in inner
    if not self.has_permission(request):
  File "/home/gustavomezzomo/.virtualenvs/projeto_mercado/lib/python3.8/site-packages/django/contrib/admin/sites.py", line 196, in has_permission
    return request.user.is_active and request.user.is_staff
  File "/home/gustavomezzomo/.virtualenvs/projeto_mercado/lib/python3.8/site-packages/django/utils/functional.py", line 240, in inner
    self._setup()
  File "/home/gustavomezzomo/.virtualenvs/projeto_mercado/lib/python3.8/site-packages/django/utils/functional.py", line 376, in _setup
    self._wrapped = self._setupfunc()
  File "/home/gustavomezzomo/.virtualenvs/projeto_mercado/lib/python3.8/site-packages/django/contrib/auth/middleware.py", line 23, in <lambda>
    request.user = SimpleLazyObject(lambda: get_user(request))
  File "/home/gustavomezzomo/.virtualenvs/projeto_mercado/lib/python3.8/site-packages/django/contrib/auth/middleware.py", line 11, in get_user
    request._cached_user = auth.get_user(request)
  File "/home/gustavomezzomo/.virtualenvs/projeto_mercado/lib/python3.8/site-packages/django/contrib/auth/__init__.py", line 174, in get_user
    user_id = _get_user_session_key(request)
  File "/home/gustavomezzomo/.virtualenvs/projeto_mercado/lib/python3.8/site-packages/django/contrib/auth/__init__.py", line 58, in _get_user_session_key
    return get_user_model()._meta.pk.to_python(request.session[SESSION_KEY])
  File "/home/gustavomezzomo/.virtualenvs/projeto_mercado/lib/python3.8/site-packages/django/contrib/sessions/backends/base.py", line 65, in __getitem__
    return self._session[key]
  File "/home/gustavomezzomo/.virtualenvs/projeto_mercado/lib/python3.8/site-packages/django/contrib/sessions/backends/base.py", line 238, in _get_session
    self._session_cache = self.load()
  File "/home/gustavomezzomo/.virtualenvs/projeto_mercado/lib/python3.8/site-packages/django/contrib/sessions/backends/db.py", line 43, in load
    s = self._get_session_from_db()
  File "/home/gustavomezzomo/.virtualenvs/projeto_mercado/lib/python3.8/site-packages/django/contrib/sessions/backends/db.py", line 32, in _get_session_from_db
    return self.model.objects.get(
  File "/home/gustavomezzomo/.virtualenvs/projeto_mercado/lib/python3.8/site-packages/django/db/models/manager.py", line 85, in manager_method
    return getattr(self.get_queryset(), name)(*args, **kwargs)
  File "/home/gustavomezzomo/.virtualenvs/projeto_mercado/lib/python3.8/site-packages/django/db/models/query.py", line 425, in get
    num = len(clone)
  File "/home/gustavomezzomo/.virtualenvs/projeto_mercado/lib/python3.8/site-packages/django/db/models/query.py", line 269, in __len__
    self._fetch_all()
  File "/home/gustavomezzomo/.virtualenvs/projeto_mercado/lib/python3.8/site-packages/django/db/models/query.py", line 1308, in _fetch_all
    self._result_cache = list(self._iterable_class(self))
  File "/home/gustavomezzomo/.virtualenvs/projeto_mercado/lib/python3.8/site-packages/django/db/models/query.py", line 53, in __iter__
    results = compiler.execute_sql(chunked_fetch=self.chunked_fetch, chunk_size=self.chunk_size)
  File "/home/gustavomezzomo/.virtualenvs/projeto_mercado/lib/python3.8/site-packages/django/db/models/sql/compiler.py", line 1156, in execute_sql
    cursor.execute(sql, params)
  File "/home/gustavomezzomo/.virtualenvs/projeto_mercado/lib/python3.8/site-packages/django/db/backends/utils.py", line 66, in execute
    return self._execute_with_wrappers(sql, params, many=False, executor=self._execute)
  File "/home/gustavomezzomo/.virtualenvs/projeto_mercado/lib/python3.8/site-packages/django/db/backends/utils.py", line 75, in _execute_with_wrappers
    return executor(sql, params, many, context)
  File "/home/gustavomezzomo/.virtualenvs/projeto_mercado/lib/python3.8/site-packages/django/db/backends/utils.py", line 84, in _execute
    return self.cursor.execute(sql, params)
  File "/home/gustavomezzomo/.virtualenvs/projeto_mercado/lib/python3.8/site-packages/django/db/utils.py", line 90, in __exit__
    raise dj_exc_value.with_traceback(traceback) from exc_value
  File "/home/gustavomezzomo/.virtualenvs/projeto_mercado/lib/python3.8/site-packages/django/db/backends/utils.py", line 84, in _execute
    return self.cursor.execute(sql, params)
django.db.utils.ProgrammingError: relation "django_session" does not exist
LINE 1: ...ession_data", "django_session"."expire_date" FROM "django_se...
                                                             ^

ERROR "GET /admin/ HTTP/1.0" 500 145
ERROR "GET /admin/ HTTP/1.0" 500 145
INFO Watching for file changes with StatReloader
INFO Watching for file changes with StatReloader
INFO "GET /admin/ HTTP/1.0" 302 0
INFO "GET /admin/ HTTP/1.0" 302 0
INFO "GET /admin/login/?next=/admin/ HTTP/1.0" 200 2194
INFO "GET /admin/login/?next=/admin/ HTTP/1.0" 200 2194
WARNING Not Found: /static/admin/css/base.css
WARNING Not Found: /static/admin/css/base.css
WARNING Not Found: /static/admin/css/login.css
WARNING Not Found: /static/admin/css/login.css
WARNING Not Found: /static/admin/css/nav_sidebar.css
WARNING "GET /static/admin/css/base.css HTTP/1.0" 404 179
WARNING Not Found: /static/admin/css/nav_sidebar.css
WARNING "GET /static/admin/css/login.css HTTP/1.0" 404 179
WARNING "GET /static/admin/css/login.css HTTP/1.0" 404 179
WARNING Not Found: /static/admin/css/responsive.css
WARNING Not Found: /static/admin/js/nav_sidebar.js
WARNING Not Found: /static/admin/js/nav_sidebar.js
WARNING "GET /static/admin/css/base.css HTTP/1.0" 404 179
WARNING Not Found: /static/admin/css/responsive.css
WARNING "GET /static/admin/css/nav_sidebar.css HTTP/1.0" 404 179
WARNING "GET /static/admin/js/nav_sidebar.js HTTP/1.0" 404 179
WARNING "GET /static/admin/css/nav_sidebar.css HTTP/1.0" 404 179
WARNING "GET /static/admin/js/nav_sidebar.js HTTP/1.0" 404 179
WARNING "GET /static/admin/css/responsive.css HTTP/1.0" 404 179
WARNING "GET /static/admin/css/responsive.css HTTP/1.0" 404 179
INFO Watching for file changes with StatReloader
INFO Watching for file changes with StatReloader
INFO /home/gustavomezzomo/projeto_mercado/blog/models.py changed, reloading.
INFO /home/gustavomezzomo/projeto_mercado/blog/models.py changed, reloading.
INFO Watching for file changes with StatReloader
INFO Watching for file changes with StatReloader
INFO /home/gustavomezzomo/projeto_mercado/blog/models.py changed, reloading.
INFO /home/gustavomezzomo/projeto_mercado/blog/models.py changed, reloading.
INFO Watching for file changes with StatReloader
INFO Watching for file changes with StatReloader
INFO /home/gustavomezzomo/projeto_mercado/blog/models.py changed, reloading.
INFO /home/gustavomezzomo/projeto_mercado/blog/models.py changed, reloading.
INFO Watching for file changes with StatReloader
INFO Watching for file changes with StatReloader
INFO /home/gustavomezzomo/projeto_mercado/blog/models.py changed, reloading.
INFO /home/gustavomezzomo/projeto_mercado/blog/models.py changed, reloading.
INFO Watching for file changes with StatReloader
INFO Watching for file changes with StatReloader
INFO /home/gustavomezzomo/projeto_mercado/blog/models.py changed, reloading.
INFO /home/gustavomezzomo/projeto_mercado/blog/models.py changed, reloading.
INFO Watching for file changes with StatReloader
INFO Watching for file changes with StatReloader
INFO /home/gustavomezzomo/projeto_mercado/blog/models.py changed, reloading.
INFO /home/gustavomezzomo/projeto_mercado/blog/models.py changed, reloading.
INFO Watching for file changes with StatReloader
INFO Watching for file changes with StatReloader
INFO "GET /admin/ HTTP/1.0" 200 6593
INFO "GET /admin/ HTTP/1.0" 200 6593
WARNING Not Found: /static/admin/css/base.css
WARNING Not Found: /static/admin/css/base.css
WARNING "GET /static/admin/css/base.css HTTP/1.0" 404 179
WARNING "GET /static/admin/css/base.css HTTP/1.0" 404 179
WARNING Not Found: /static/admin/css/nav_sidebar.css
WARNING Not Found: /static/admin/css/nav_sidebar.css
WARNING Not Found: /static/admin/css/responsive.css
WARNING Not Found: /static/admin/css/responsive.css
WARNING Not Found: /static/admin/js/nav_sidebar.js
WARNING Not Found: /static/admin/css/dashboard.css
WARNING "GET /static/admin/css/nav_sidebar.css HTTP/1.0" 404 179
WARNING "GET /static/admin/css/nav_sidebar.css HTTP/1.0" 404 179
WARNING Not Found: /static/admin/js/nav_sidebar.js
WARNING "GET /static/admin/css/responsive.css HTTP/1.0" 404 179
WARNING Not Found: /static/admin/css/dashboard.css
WARNING "GET /static/admin/css/responsive.css HTTP/1.0" 404 179
WARNING "GET /static/admin/js/nav_sidebar.js HTTP/1.0" 404 179
WARNING "GET /static/admin/css/dashboard.css HTTP/1.0" 404 179
WARNING "GET /static/admin/js/nav_sidebar.js HTTP/1.0" 404 179
WARNING "GET /static/admin/css/dashboard.css HTTP/1.0" 404 179
INFO /home/gustavomezzomo/projeto_mercado/projeto_mercado/settings.py changed, reloading.
INFO /home/gustavomezzomo/projeto_mercado/projeto_mercado/settings.py changed, reloading.
INFO Watching for file changes with StatReloader
INFO Watching for file changes with StatReloader
INFO Watching for file changes with StatReloader
INFO Watching for file changes with StatReloader
INFO Watching for file changes with StatReloader
INFO Watching for file changes with StatReloader
INFO Watching for file changes with StatReloader
INFO Watching for file changes with StatReloader
WARNING Not Found: /api/image
WARNING Not Found: /api/image
WARNING "GET /api/image HTTP/1.0" 404 179
WARNING "GET /api/image HTTP/1.0" 404 179
INFO Watching for file changes with StatReloader
INFO Watching for file changes with StatReloader
WARNING Not Found: /api/image
WARNING Not Found: /api/image
WARNING "GET /api/image HTTP/1.0" 404 179
WARNING "GET /api/image HTTP/1.0" 404 179
INFO Watching for file changes with StatReloader
INFO Watching for file changes with StatReloader
WARNING Not Found: /api/image
WARNING Not Found: /api/image
WARNING "GET /api/image HTTP/1.0" 404 179
WARNING "GET /api/image HTTP/1.0" 404 179
INFO Watching for file changes with StatReloader
INFO Watching for file changes with StatReloader
WARNING Not Found: /api/image
WARNING Not Found: /api/image
WARNING "GET /api/image HTTP/1.0" 404 179
WARNING "GET /api/image HTTP/1.0" 404 179
